-------------------------------------------------------------------------------
Test set: com.qt.qualithon.test.MovieSearchTest
-------------------------------------------------------------------------------
Tests run: 12, Failures: 1, Errors: 0, Skipped: 0, Time elapsed: 233.583 s <<< FAILURE! - in com.qt.qualithon.test.MovieSearchTest
com.qt.qualithon.test.MovieSearchTest.testMovieMetadataOnWebHasCorrectMaturityRating[The Dark Knight Rises](2)  Time elapsed: 35.611 s  <<< FAILURE!
org.junit.ComparisonFailure: expected:<"[PG-13]"> but was:<"[12A]">
	at com.qt.qualithon.test.MovieSearchTest.testMovieMetadataOnWebHasCorrectMaturityRating(MovieSearchTest.java:164)

